{"/Users/john/Documents/GitHub/super-galactic/src/js/galactic-calc.js": {"path":"/Users/john/Documents/GitHub/super-galactic/src/js/galactic-calc.js","statementMap":{"0":{"start":{"line":6,"column":4},"end":{"line":6,"column":22}},"1":{"start":{"line":7,"column":4},"end":{"line":7,"column":35}},"2":{"start":{"line":8,"column":4},"end":{"line":8,"column":32}},"3":{"start":{"line":9,"column":4},"end":{"line":9,"column":22}},"4":{"start":{"line":12,"column":4},"end":{"line":12,"column":30}},"5":{"start":{"line":15,"column":25},"end":{"line":15,"column":52}},"6":{"start":{"line":16,"column":29},"end":{"line":16,"column":52}},"7":{"start":{"line":17,"column":22},"end":{"line":17,"column":65}},"8":{"start":{"line":18,"column":4},"end":{"line":18,"column":23}},"9":{"start":{"line":21,"column":4},"end":{"line":24,"column":7}},"10":{"start":{"line":22,"column":29},"end":{"line":22,"column":94}},"11":{"start":{"line":23,"column":6},"end":{"line":23,"column":46}},"12":{"start":{"line":27,"column":4},"end":{"line":31,"column":7}},"13":{"start":{"line":28,"column":33},"end":{"line":28,"column":87}},"14":{"start":{"line":29,"column":32},"end":{"line":29,"column":81}},"15":{"start":{"line":30,"column":6},"end":{"line":30,"column":51}},"16":{"start":{"line":37,"column":14},"end":{"line":37,"column":16}},"17":{"start":{"line":38,"column":16},"end":{"line":38,"column":41}},"18":{"start":{"line":39,"column":14},"end":{"line":39,"column":38}},"19":{"start":{"line":40,"column":14},"end":{"line":40,"column":38}},"20":{"start":{"line":41,"column":13},"end":{"line":41,"column":36}},"21":{"start":{"line":42,"column":16},"end":{"line":42,"column":43}},"22":{"start":{"line":43,"column":15},"end":{"line":43,"column":42}},"23":{"start":{"line":44,"column":15},"end":{"line":44,"column":42}},"24":{"start":{"line":45,"column":16},"end":{"line":45,"column":44}},"25":{"start":{"line":46,"column":14},"end":{"line":46,"column":40}},"26":{"start":{"line":47,"column":22},"end":{"line":47,"column":39}},"27":{"start":{"line":48,"column":2},"end":{"line":48,"column":26}},"28":{"start":{"line":49,"column":2},"end":{"line":49,"column":35}},"29":{"start":{"line":50,"column":2},"end":{"line":50,"column":33}},"30":{"start":{"line":51,"column":2},"end":{"line":51,"column":33}},"31":{"start":{"line":52,"column":2},"end":{"line":52,"column":32}},"32":{"start":{"line":53,"column":2},"end":{"line":53,"column":35}},"33":{"start":{"line":54,"column":2},"end":{"line":54,"column":34}},"34":{"start":{"line":55,"column":2},"end":{"line":55,"column":34}},"35":{"start":{"line":56,"column":2},"end":{"line":56,"column":35}},"36":{"start":{"line":57,"column":2},"end":{"line":57,"column":33}},"37":{"start":{"line":58,"column":2},"end":{"line":58,"column":50}},"38":{"start":{"line":59,"column":2},"end":{"line":59,"column":23}}},"fnMap":{"0":{"name":"(anonymous_0)","decl":{"start":{"line":5,"column":2},"end":{"line":5,"column":3}},"loc":{"start":{"line":5,"column":15},"end":{"line":10,"column":3}},"line":5},"1":{"name":"(anonymous_1)","decl":{"start":{"line":11,"column":2},"end":{"line":11,"column":3}},"loc":{"start":{"line":11,"column":20},"end":{"line":13,"column":3}},"line":11},"2":{"name":"(anonymous_2)","decl":{"start":{"line":14,"column":2},"end":{"line":14,"column":3}},"loc":{"start":{"line":14,"column":23},"end":{"line":19,"column":3}},"line":14},"3":{"name":"(anonymous_3)","decl":{"start":{"line":20,"column":2},"end":{"line":20,"column":3}},"loc":{"start":{"line":20,"column":36},"end":{"line":25,"column":3}},"line":20},"4":{"name":"(anonymous_4)","decl":{"start":{"line":21,"column":35},"end":{"line":21,"column":36}},"loc":{"start":{"line":21,"column":53},"end":{"line":24,"column":5}},"line":21},"5":{"name":"(anonymous_5)","decl":{"start":{"line":26,"column":2},"end":{"line":26,"column":3}},"loc":{"start":{"line":26,"column":38},"end":{"line":32,"column":3}},"line":26},"6":{"name":"(anonymous_6)","decl":{"start":{"line":27,"column":35},"end":{"line":27,"column":36}},"loc":{"start":{"line":27,"column":53},"end":{"line":31,"column":5}},"line":27},"7":{"name":"populate","decl":{"start":{"line":36,"column":16},"end":{"line":36,"column":24}},"loc":{"start":{"line":36,"column":27},"end":{"line":60,"column":3}},"line":36}},"branchMap":{},"s":{"0":9,"1":9,"2":9,"3":9,"4":81,"5":91,"6":91,"7":91,"8":91,"9":9,"10":81,"11":81,"12":1,"13":9,"14":9,"15":9,"16":9,"17":9,"18":9,"19":9,"20":9,"21":9,"22":9,"23":9,"24":9,"25":9,"26":9,"27":9,"28":9,"29":9,"30":9,"31":9,"32":9,"33":9,"34":9,"35":9,"36":9,"37":9,"38":9},"f":{"0":9,"1":81,"2":91,"3":9,"4":81,"5":1,"6":9,"7":9},"b":{},"_coverageSchema":"1a1c01bbd47fc00a2c39e90264f33305004495a9","hash":"ef11232e6204a312382502aeb6228b6f9b04e93a"}
,"/Users/john/Documents/GitHub/super-galactic/src/js/planet.js": {"path":"/Users/john/Documents/GitHub/super-galactic/src/js/planet.js","statementMap":{"0":{"start":{"line":3,"column":4},"end":{"line":3,"column":21}},"1":{"start":{"line":4,"column":4},"end":{"line":4,"column":39}},"2":{"start":{"line":5,"column":4},"end":{"line":5,"column":29}},"3":{"start":{"line":6,"column":4},"end":{"line":6,"column":31}}},"fnMap":{"0":{"name":"(anonymous_0)","decl":{"start":{"line":2,"column":2},"end":{"line":2,"column":3}},"loc":{"start":{"line":2,"column":31},"end":{"line":7,"column":3}},"line":2}},"branchMap":{},"s":{"0":83,"1":83,"2":83,"3":83},"f":{"0":83},"b":{},"_coverageSchema":"1a1c01bbd47fc00a2c39e90264f33305004495a9","hash":"9cb5bb419cbadca0f92cb6eb78be0cddca044ad4"}
}
