TN:
SF:src/main.js
FN:7,populate
FNF:1
FNH:1
FNDA:6,populate
DA:1,1
DA:2,1
DA:3,1
DA:4,1
DA:5,1
DA:6,1
DA:7,1
DA:8,6
DA:9,6
DA:10,6
DA:11,6
DA:12,6
DA:13,6
DA:14,6
DA:15,6
DA:16,6
DA:17,6
DA:18,6
DA:19,6
DA:20,6
DA:21,6
DA:22,6
DA:23,6
DA:24,6
DA:25,6
DA:26,6
DA:27,6
DA:28,6
DA:29,6
DA:30,6
DA:31,6
DA:32,6
LF:32
LH:32
BRDA:7,0,0,6
BRF:1
BRH:1
end_of_record
TN:
SF:src/css/styles.css
FNF:0
FNH:0
DA:1,1
LF:1
LH:1
BRF:0
BRH:0
end_of_record
TN:
SF:src/js/galactic-calc.js
FN:2,AgeCalculator
FN:9,addPlanet
FN:13,calcAge
FN:21,calcPlanetLifespan
FNF:4
FNH:4
FNDA:8,AgeCalculator
FNDA:54,addPlanet
FNDA:10,calcAge
FNDA:1,calcPlanetLifespan
DA:1,1
DA:2,1
DA:3,8
DA:4,8
DA:5,8
DA:6,8
DA:7,8
DA:8,1
DA:9,1
DA:10,54
DA:11,54
DA:12,1
DA:13,1
DA:14,10
DA:15,10
DA:16,10
DA:17,10
DA:18,10
DA:19,10
DA:20,1
DA:21,1
DA:22,1
DA:23,9
DA:24,9
DA:25,9
DA:26,1
DA:27,1
DA:28,1
LF:28
LH:28
BRDA:2,0,0,8
BRDA:9,1,0,54
BRDA:13,2,0,10
BRDA:21,3,0,1
BRDA:22,4,0,9
BRF:5
BRH:5
end_of_record
TN:
SF:src/js/planet.js
FN:2,Planet
FNF:1
FNH:1
FNDA:56,Planet
DA:1,1
DA:2,1
DA:3,56
DA:4,56
DA:5,56
DA:6,56
DA:7,1
DA:8,1
DA:9,1
DA:10,1
DA:11,1
DA:12,1
LF:12
LH:12
BRDA:2,0,0,56
BRF:1
BRH:1
end_of_record
