TN:
SF:src/js/galactic-calc.js
FN:5,(anonymous_0)
FN:11,(anonymous_1)
FN:14,(anonymous_2)
FN:20,(anonymous_3)
FN:21,(anonymous_4)
FN:26,(anonymous_5)
FN:27,(anonymous_6)
FN:36,populate
FNF:8
FNH:8
FNDA:9,(anonymous_0)
FNDA:81,(anonymous_1)
FNDA:91,(anonymous_2)
FNDA:9,(anonymous_3)
FNDA:81,(anonymous_4)
FNDA:1,(anonymous_5)
FNDA:9,(anonymous_6)
FNDA:9,populate
DA:6,9
DA:7,9
DA:8,9
DA:9,9
DA:12,81
DA:15,91
DA:16,91
DA:17,91
DA:18,91
DA:21,9
DA:22,81
DA:23,81
DA:27,1
DA:28,9
DA:29,9
DA:30,9
DA:37,9
DA:38,9
DA:39,9
DA:40,9
DA:41,9
DA:42,9
DA:43,9
DA:44,9
DA:45,9
DA:46,9
DA:47,9
DA:48,9
DA:49,9
DA:50,9
DA:51,9
DA:52,9
DA:53,9
DA:54,9
DA:55,9
DA:56,9
DA:57,9
DA:58,9
DA:59,9
LF:39
LH:39
BRF:0
BRH:0
end_of_record
TN:
SF:src/js/planet.js
FN:2,(anonymous_0)
FNF:1
FNH:1
FNDA:83,(anonymous_0)
DA:3,83
DA:4,83
DA:5,83
DA:6,83
LF:4
LH:4
BRF:0
BRH:0
end_of_record
